[WARN] - (starship::modules::character): Error in module `character`:
 --> 1:3
  |
1 | [$](bold green)
  |   ^---
  |
  = expected variable_name
[WARN] - (starship::modules::character): Error in module `character`:
 --> 1:3
  |
1 | [$](bold green)
  |   ^---
  |
  = expected variable_name
[WARN] - (starship::modules::character): Error in module `character`:
 --> 1:3
  |
1 | [$](bold green)
  |   ^---
  |
  = expected variable_name
[WARN] - (starship::modules::character): Error in module `character`:
 --> 1:3
  |
1 | [$](bold green)
  |   ^---
  |
  = expected variable_name
[WARN] - (starship::modules::character): Error in module `character`:
 --> 1:3
  |
1 | [$](bold green)
  |   ^---
  |
  = expected variable_name
[WARN] - (starship::modules::character): Error in module `character`:
 --> 1:3
  |
1 | [$](bold green)
  |   ^---
  |
  = expected variable_name
[WARN] - (starship::modules::character): Error in module `character`:
 --> 1:3
  |
1 | [$](bold green)
  |   ^---
  |
  = expected variable_name
[WARN] - (starship::modules::character): Error in module `character`:
 --> 1:3
  |
1 | [$](bold green)
  |   ^---
  |
  = expected variable_name
[WARN] - (starship::modules::character): Error in module `character`:
 --> 1:3
  |
1 | [$](bold green)
  |   ^---
  |
  = expected variable_name
[WARN] - (starship::modules::character): Error in module `character`:
 --> 1:3
  |
1 | [$](bold green)
  |   ^---
  |
  = expected variable_name
